2017-08-04 23:11:45,557 - Velocimacro : "velocimacro.library" is not set.  Trying default library: VM_global_library.vm
2017-08-04 23:11:45,557 - Velocimacro : Default library not found.
2017-08-04 23:11:45,557 - Velocimacro : allowInline = true : VMs can be defined inline in templates
2017-08-04 23:11:45,557 - Velocimacro : allowInlineToOverride = false : VMs defined inline may NOT replace previous VM definitions
2017-08-04 23:11:45,557 - Velocimacro : allowInlineLocal = false : VMs defined inline will be global in scope if allowed.
2017-08-04 23:11:45,557 - Velocimacro : autoload off : VM system will not automatically reload global library macros
2017-08-04 23:11:45,567 - ResourceManager : found Service.vm with loader org.apache.velocity.runtime.resource.loader.FileResourceLoader
2017-08-04 23:11:45,570 - ResourceManager : found ServiceImpl.vm with loader org.apache.velocity.runtime.resource.loader.FileResourceLoader
2017-08-04 23:11:45,571 - Null reference [template 'ServiceImpl.vm', line 14, column 27] : ${ctime} cannot be resolved.
2017-08-04 23:11:45,572 - ResourceManager : found Controller.vm with loader org.apache.velocity.runtime.resource.loader.FileResourceLoader
2017-08-04 23:13:32,434 - Log4JLogChute initialized using file 'velocity.log'
2017-08-04 23:13:32,434 - Initializing Velocity, Calling init()...
2017-08-04 23:13:32,434 - Starting Apache Velocity v1.7 (compiled: 2010-11-19 12:14:37)
2017-08-04 23:13:32,434 - Default Properties File: org/apache/velocity/runtime/defaults/velocity.properties
2017-08-04 23:13:32,434 - Trying to use logger class org.apache.velocity.runtime.log.AvalonLogChute
2017-08-04 23:13:32,434 - Target log system for org.apache.velocity.runtime.log.AvalonLogChute is not available (java.lang.NoClassDefFoundError: org/apache/log/format/Formatter).  Falling back to next log system...
2017-08-04 23:13:32,434 - Trying to use logger class org.apache.velocity.runtime.log.Log4JLogChute
2017-08-04 23:13:32,434 - Using logger class org.apache.velocity.runtime.log.Log4JLogChute
2017-08-04 23:13:32,440 - ResourceLoader instantiated: org.apache.velocity.runtime.resource.loader.FileResourceLoader
2017-08-04 23:13:32,440 - Do unicode file recognition:  false
2017-08-04 23:13:32,441 - FileResourceLoader : adding path '/Users/yukunpeng/ykp/archer/archer-common/target/classes/template/'
2017-08-04 23:13:32,446 - ResourceCache: initialized (class org.apache.velocity.runtime.resource.ResourceCacheImpl) with class java.util.Collections$SynchronizedMap cache map.
2017-08-04 23:13:32,447 - Loaded System Directive: org.apache.velocity.runtime.directive.Stop
2017-08-04 23:13:32,448 - Loaded System Directive: org.apache.velocity.runtime.directive.Define
2017-08-04 23:13:32,448 - Loaded System Directive: org.apache.velocity.runtime.directive.Break
2017-08-04 23:13:32,449 - Loaded System Directive: org.apache.velocity.runtime.directive.Evaluate
2017-08-04 23:13:32,449 - Loaded System Directive: org.apache.velocity.runtime.directive.Literal
2017-08-04 23:13:32,450 - Loaded System Directive: org.apache.velocity.runtime.directive.Macro
2017-08-04 23:13:32,451 - Loaded System Directive: org.apache.velocity.runtime.directive.Parse
2017-08-04 23:13:32,452 - Loaded System Directive: org.apache.velocity.runtime.directive.Include
2017-08-04 23:13:32,453 - Loaded System Directive: org.apache.velocity.runtime.directive.Foreach
2017-08-04 23:13:32,476 - Created '20' parsers.
2017-08-04 23:13:32,482 - Velocimacro : "velocimacro.library" is not set.  Trying default library: VM_global_library.vm
2017-08-04 23:13:32,482 - Velocimacro : Default library not found.
2017-08-04 23:13:32,482 - Velocimacro : allowInline = true : VMs can be defined inline in templates
2017-08-04 23:13:32,482 - Velocimacro : allowInlineToOverride = false : VMs defined inline may NOT replace previous VM definitions
2017-08-04 23:13:32,482 - Velocimacro : allowInlineLocal = false : VMs defined inline will be global in scope if allowed.
2017-08-04 23:13:32,482 - Velocimacro : autoload off : VM system will not automatically reload global library macros
2017-08-04 23:13:32,491 - ResourceManager : found Service.vm with loader org.apache.velocity.runtime.resource.loader.FileResourceLoader
2017-08-04 23:13:32,494 - ResourceManager : found ServiceImpl.vm with loader org.apache.velocity.runtime.resource.loader.FileResourceLoader
2017-08-04 23:13:32,495 - Null reference [template 'ServiceImpl.vm', line 14, column 27] : ${ctime} cannot be resolved.
2017-08-04 23:13:32,496 - ResourceManager : found Controller.vm with loader org.apache.velocity.runtime.resource.loader.FileResourceLoader
2017-08-04 23:16:06,488 - Log4JLogChute initialized using file 'velocity.log'
2017-08-04 23:16:06,488 - Initializing Velocity, Calling init()...
2017-08-04 23:16:06,488 - Starting Apache Velocity v1.7 (compiled: 2010-11-19 12:14:37)
2017-08-04 23:16:06,489 - Default Properties File: org/apache/velocity/runtime/defaults/velocity.properties
2017-08-04 23:16:06,489 - Trying to use logger class org.apache.velocity.runtime.log.AvalonLogChute
2017-08-04 23:16:06,489 - Target log system for org.apache.velocity.runtime.log.AvalonLogChute is not available (java.lang.NoClassDefFoundError: org/apache/log/format/Formatter).  Falling back to next log system...
2017-08-04 23:16:06,489 - Trying to use logger class org.apache.velocity.runtime.log.Log4JLogChute
2017-08-04 23:16:06,489 - Using logger class org.apache.velocity.runtime.log.Log4JLogChute
2017-08-04 23:16:06,492 - ResourceLoader instantiated: org.apache.velocity.runtime.resource.loader.FileResourceLoader
2017-08-04 23:16:06,493 - Do unicode file recognition:  false
2017-08-04 23:16:06,493 - FileResourceLoader : adding path '/Users/yukunpeng/ykp/archer/archer-common/target/classes/template/'
2017-08-04 23:16:06,499 - ResourceCache: initialized (class org.apache.velocity.runtime.resource.ResourceCacheImpl) with class java.util.Collections$SynchronizedMap cache map.
2017-08-04 23:16:06,500 - Loaded System Directive: org.apache.velocity.runtime.directive.Stop
2017-08-04 23:16:06,501 - Loaded System Directive: org.apache.velocity.runtime.directive.Define
2017-08-04 23:16:06,502 - Loaded System Directive: org.apache.velocity.runtime.directive.Break
2017-08-04 23:16:06,502 - Loaded System Directive: org.apache.velocity.runtime.directive.Evaluate
2017-08-04 23:16:06,503 - Loaded System Directive: org.apache.velocity.runtime.directive.Literal
2017-08-04 23:16:06,504 - Loaded System Directive: org.apache.velocity.runtime.directive.Macro
2017-08-04 23:16:06,505 - Loaded System Directive: org.apache.velocity.runtime.directive.Parse
2017-08-04 23:16:06,506 - Loaded System Directive: org.apache.velocity.runtime.directive.Include
2017-08-04 23:16:06,506 - Loaded System Directive: org.apache.velocity.runtime.directive.Foreach
2017-08-04 23:16:06,530 - Created '20' parsers.
2017-08-04 23:16:06,535 - Velocimacro : "velocimacro.library" is not set.  Trying default library: VM_global_library.vm
2017-08-04 23:16:06,535 - Velocimacro : Default library not found.
2017-08-04 23:16:06,535 - Velocimacro : allowInline = true : VMs can be defined inline in templates
2017-08-04 23:16:06,535 - Velocimacro : allowInlineToOverride = false : VMs defined inline may NOT replace previous VM definitions
2017-08-04 23:16:06,535 - Velocimacro : allowInlineLocal = false : VMs defined inline will be global in scope if allowed.
2017-08-04 23:16:06,535 - Velocimacro : autoload off : VM system will not automatically reload global library macros
2017-08-04 23:16:06,542 - ResourceManager : found Service.vm with loader org.apache.velocity.runtime.resource.loader.FileResourceLoader
2017-08-04 23:16:06,545 - ResourceManager : found ServiceImpl.vm with loader org.apache.velocity.runtime.resource.loader.FileResourceLoader
2017-08-04 23:16:06,545 - Null reference [template 'ServiceImpl.vm', line 14, column 27] : ${ctime} cannot be resolved.
2017-08-04 23:16:06,547 - ResourceManager : found Controller.vm with loader org.apache.velocity.runtime.resource.loader.FileResourceLoader
2017-08-04 23:16:45,794 - Log4JLogChute initialized using file 'velocity.log'
2017-08-04 23:16:45,794 - Initializing Velocity, Calling init()...
2017-08-04 23:16:45,794 - Starting Apache Velocity v1.7 (compiled: 2010-11-19 12:14:37)
2017-08-04 23:16:45,794 - Default Properties File: org/apache/velocity/runtime/defaults/velocity.properties
2017-08-04 23:16:45,794 - Trying to use logger class org.apache.velocity.runtime.log.AvalonLogChute
2017-08-04 23:16:45,794 - Target log system for org.apache.velocity.runtime.log.AvalonLogChute is not available (java.lang.NoClassDefFoundError: org/apache/log/format/Formatter).  Falling back to next log system...
2017-08-04 23:16:45,794 - Trying to use logger class org.apache.velocity.runtime.log.Log4JLogChute
2017-08-04 23:16:45,794 - Using logger class org.apache.velocity.runtime.log.Log4JLogChute
2017-08-04 23:16:45,798 - ResourceLoader instantiated: org.apache.velocity.runtime.resource.loader.FileResourceLoader
2017-08-04 23:16:45,799 - Do unicode file recognition:  false
2017-08-04 23:16:45,799 - FileResourceLoader : adding path '/Users/yukunpeng/ykp/archer/archer-common/target/classes/template/'
2017-08-04 23:16:45,806 - ResourceCache: initialized (class org.apache.velocity.runtime.resource.ResourceCacheImpl) with class java.util.Collections$SynchronizedMap cache map.
2017-08-04 23:16:45,807 - Loaded System Directive: org.apache.velocity.runtime.directive.Stop
2017-08-04 23:16:45,808 - Loaded System Directive: org.apache.velocity.runtime.directive.Define
2017-08-04 23:16:45,808 - Loaded System Directive: org.apache.velocity.runtime.directive.Break
2017-08-04 23:16:45,809 - Loaded System Directive: org.apache.velocity.runtime.directive.Evaluate
2017-08-04 23:16:45,810 - Loaded System Directive: org.apache.velocity.runtime.directive.Literal
2017-08-04 23:16:45,811 - Loaded System Directive: org.apache.velocity.runtime.directive.Macro
2017-08-04 23:16:45,812 - Loaded System Directive: org.apache.velocity.runtime.directive.Parse
2017-08-04 23:16:45,813 - Loaded System Directive: org.apache.velocity.runtime.directive.Include
2017-08-04 23:16:45,814 - Loaded System Directive: org.apache.velocity.runtime.directive.Foreach
2017-08-04 23:16:45,839 - Created '20' parsers.
2017-08-04 23:16:45,844 - Velocimacro : "velocimacro.library" is not set.  Trying default library: VM_global_library.vm
2017-08-04 23:16:45,844 - Velocimacro : Default library not found.
2017-08-04 23:16:45,844 - Velocimacro : allowInline = true : VMs can be defined inline in templates
2017-08-04 23:16:45,845 - Velocimacro : allowInlineToOverride = false : VMs defined inline may NOT replace previous VM definitions
2017-08-04 23:16:45,845 - Velocimacro : allowInlineLocal = false : VMs defined inline will be global in scope if allowed.
2017-08-04 23:16:45,845 - Velocimacro : autoload off : VM system will not automatically reload global library macros
2017-08-04 23:16:45,852 - ResourceManager : found Service.vm with loader org.apache.velocity.runtime.resource.loader.FileResourceLoader
2017-08-04 23:16:45,855 - ResourceManager : found ServiceImpl.vm with loader org.apache.velocity.runtime.resource.loader.FileResourceLoader
2017-08-04 23:16:45,856 - Null reference [template 'ServiceImpl.vm', line 14, column 27] : ${ctime} cannot be resolved.
2017-08-04 23:16:45,858 - ResourceManager : found Controller.vm with loader org.apache.velocity.runtime.resource.loader.FileResourceLoader
2017-08-04 23:21:47,761 - Log4JLogChute initialized using file 'velocity.log'
2017-08-04 23:21:47,761 - Initializing Velocity, Calling init()...
2017-08-04 23:21:47,761 - Starting Apache Velocity v1.7 (compiled: 2010-11-19 12:14:37)
2017-08-04 23:21:47,761 - Default Properties File: org/apache/velocity/runtime/defaults/velocity.properties
2017-08-04 23:21:47,761 - Trying to use logger class org.apache.velocity.runtime.log.AvalonLogChute
2017-08-04 23:21:47,761 - Target log system for org.apache.velocity.runtime.log.AvalonLogChute is not available (java.lang.NoClassDefFoundError: org/apache/log/format/Formatter).  Falling back to next log system...
2017-08-04 23:21:47,761 - Trying to use logger class org.apache.velocity.runtime.log.Log4JLogChute
2017-08-04 23:21:47,761 - Using logger class org.apache.velocity.runtime.log.Log4JLogChute
2017-08-04 23:21:47,764 - ResourceLoader instantiated: org.apache.velocity.runtime.resource.loader.FileResourceLoader
2017-08-04 23:21:47,765 - Do unicode file recognition:  false
2017-08-04 23:21:47,765 - FileResourceLoader : adding path '/Users/yukunpeng/ykp/archer/archer-common/target/classes/template/'
2017-08-04 23:21:47,771 - ResourceCache: initialized (class org.apache.velocity.runtime.resource.ResourceCacheImpl) with class java.util.Collections$SynchronizedMap cache map.
2017-08-04 23:21:47,773 - Loaded System Directive: org.apache.velocity.runtime.directive.Stop
2017-08-04 23:21:47,773 - Loaded System Directive: org.apache.velocity.runtime.directive.Define
2017-08-04 23:21:47,774 - Loaded System Directive: org.apache.velocity.runtime.directive.Break
2017-08-04 23:21:47,775 - Loaded System Directive: org.apache.velocity.runtime.directive.Evaluate
2017-08-04 23:21:47,775 - Loaded System Directive: org.apache.velocity.runtime.directive.Literal
2017-08-04 23:21:47,776 - Loaded System Directive: org.apache.velocity.runtime.directive.Macro
2017-08-04 23:21:47,777 - Loaded System Directive: org.apache.velocity.runtime.directive.Parse
2017-08-04 23:21:47,778 - Loaded System Directive: org.apache.velocity.runtime.directive.Include
2017-08-04 23:21:47,779 - Loaded System Directive: org.apache.velocity.runtime.directive.Foreach
2017-08-04 23:21:47,802 - Created '20' parsers.
2017-08-04 23:21:47,807 - Velocimacro : "velocimacro.library" is not set.  Trying default library: VM_global_library.vm
2017-08-04 23:21:47,807 - Velocimacro : Default library not found.
2017-08-04 23:21:47,807 - Velocimacro : allowInline = true : VMs can be defined inline in templates
2017-08-04 23:21:47,807 - Velocimacro : allowInlineToOverride = false : VMs defined inline may NOT replace previous VM definitions
2017-08-04 23:21:47,807 - Velocimacro : allowInlineLocal = false : VMs defined inline will be global in scope if allowed.
2017-08-04 23:21:47,807 - Velocimacro : autoload off : VM system will not automatically reload global library macros
2017-08-04 23:21:47,814 - ResourceManager : found Service.vm with loader org.apache.velocity.runtime.resource.loader.FileResourceLoader
2017-08-04 23:21:47,817 - ResourceManager : found ServiceImpl.vm with loader org.apache.velocity.runtime.resource.loader.FileResourceLoader
2017-08-04 23:21:47,818 - Null reference [template 'ServiceImpl.vm', line 14, column 27] : ${ctime} cannot be resolved.
2017-08-04 23:21:47,819 - ResourceManager : found Controller.vm with loader org.apache.velocity.runtime.resource.loader.FileResourceLoader
2017-08-04 23:22:38,158 - Log4JLogChute initialized using file 'velocity.log'
2017-08-04 23:22:38,158 - Initializing Velocity, Calling init()...
2017-08-04 23:22:38,158 - Starting Apache Velocity v1.7 (compiled: 2010-11-19 12:14:37)
2017-08-04 23:22:38,158 - Default Properties File: org/apache/velocity/runtime/defaults/velocity.properties
2017-08-04 23:22:38,158 - Trying to use logger class org.apache.velocity.runtime.log.AvalonLogChute
2017-08-04 23:22:38,158 - Target log system for org.apache.velocity.runtime.log.AvalonLogChute is not available (java.lang.NoClassDefFoundError: org/apache/log/format/Formatter).  Falling back to next log system...
2017-08-04 23:22:38,158 - Trying to use logger class org.apache.velocity.runtime.log.Log4JLogChute
2017-08-04 23:22:38,158 - Using logger class org.apache.velocity.runtime.log.Log4JLogChute
2017-08-04 23:22:38,162 - ResourceLoader instantiated: org.apache.velocity.runtime.resource.loader.FileResourceLoader
2017-08-04 23:22:38,163 - Do unicode file recognition:  false
2017-08-04 23:22:38,163 - FileResourceLoader : adding path '/Users/yukunpeng/ykp/archer/archer-common/target/classes/template/'
2017-08-04 23:22:38,169 - ResourceCache: initialized (class org.apache.velocity.runtime.resource.ResourceCacheImpl) with class java.util.Collections$SynchronizedMap cache map.
2017-08-04 23:22:38,170 - Loaded System Directive: org.apache.velocity.runtime.directive.Stop
2017-08-04 23:22:38,171 - Loaded System Directive: org.apache.velocity.runtime.directive.Define
2017-08-04 23:22:38,172 - Loaded System Directive: org.apache.velocity.runtime.directive.Break
2017-08-04 23:22:38,172 - Loaded System Directive: org.apache.velocity.runtime.directive.Evaluate
2017-08-04 23:22:38,173 - Loaded System Directive: org.apache.velocity.runtime.directive.Literal
2017-08-04 23:22:38,174 - Loaded System Directive: org.apache.velocity.runtime.directive.Macro
2017-08-04 23:22:38,175 - Loaded System Directive: org.apache.velocity.runtime.directive.Parse
2017-08-04 23:22:38,175 - Loaded System Directive: org.apache.velocity.runtime.directive.Include
2017-08-04 23:22:38,176 - Loaded System Directive: org.apache.velocity.runtime.directive.Foreach
2017-08-04 23:22:38,200 - Created '20' parsers.
2017-08-04 23:22:38,205 - Velocimacro : "velocimacro.library" is not set.  Trying default library: VM_global_library.vm
2017-08-04 23:22:38,205 - Velocimacro : Default library not found.
2017-08-04 23:22:38,205 - Velocimacro : allowInline = true : VMs can be defined inline in templates
2017-08-04 23:22:38,205 - Velocimacro : allowInlineToOverride = false : VMs defined inline may NOT replace previous VM definitions
2017-08-04 23:22:38,205 - Velocimacro : allowInlineLocal = false : VMs defined inline will be global in scope if allowed.
2017-08-04 23:22:38,205 - Velocimacro : autoload off : VM system will not automatically reload global library macros
2017-08-04 23:22:38,212 - ResourceManager : found Service.vm with loader org.apache.velocity.runtime.resource.loader.FileResourceLoader
2017-08-04 23:22:38,215 - ResourceManager : found ServiceImpl.vm with loader org.apache.velocity.runtime.resource.loader.FileResourceLoader
2017-08-04 23:22:38,216 - Null reference [template 'ServiceImpl.vm', line 14, column 27] : ${ctime} cannot be resolved.
2017-08-04 23:22:38,217 - ResourceManager : found Controller.vm with loader org.apache.velocity.runtime.resource.loader.FileResourceLoader
2017-08-05 12:29:14,395 - Log4JLogChute initialized using file 'velocity.log'
2017-08-05 12:29:14,395 - Initializing Velocity, Calling init()...
2017-08-05 12:29:14,395 - Starting Apache Velocity v1.7 (compiled: 2010-11-19 12:14:37)
2017-08-05 12:29:14,395 - Default Properties File: org/apache/velocity/runtime/defaults/velocity.properties
2017-08-05 12:29:14,395 - Trying to use logger class org.apache.velocity.runtime.log.AvalonLogChute
2017-08-05 12:29:14,395 - Target log system for org.apache.velocity.runtime.log.AvalonLogChute is not available (java.lang.NoClassDefFoundError: org/apache/log/format/Formatter).  Falling back to next log system...
2017-08-05 12:29:14,395 - Trying to use logger class org.apache.velocity.runtime.log.Log4JLogChute
2017-08-05 12:29:14,395 - Using logger class org.apache.velocity.runtime.log.Log4JLogChute
2017-08-05 12:29:14,399 - ResourceLoader instantiated: org.apache.velocity.runtime.resource.loader.FileResourceLoader
2017-08-05 12:29:14,400 - Do unicode file recognition:  false
2017-08-05 12:29:14,400 - FileResourceLoader : adding path '/Users/yukunpeng/ykp/archer/archer-common/target/classes/template/'
2017-08-05 12:29:14,408 - ResourceCache: initialized (class org.apache.velocity.runtime.resource.ResourceCacheImpl) with class java.util.Collections$SynchronizedMap cache map.
2017-08-05 12:29:14,409 - Loaded System Directive: org.apache.velocity.runtime.directive.Stop
2017-08-05 12:29:14,410 - Loaded System Directive: org.apache.velocity.runtime.directive.Define
2017-08-05 12:29:14,410 - Loaded System Directive: org.apache.velocity.runtime.directive.Break
2017-08-05 12:29:14,411 - Loaded System Directive: org.apache.velocity.runtime.directive.Evaluate
2017-08-05 12:29:14,411 - Loaded System Directive: org.apache.velocity.runtime.directive.Literal
2017-08-05 12:29:14,412 - Loaded System Directive: org.apache.velocity.runtime.directive.Macro
2017-08-05 12:29:14,413 - Loaded System Directive: org.apache.velocity.runtime.directive.Parse
2017-08-05 12:29:14,414 - Loaded System Directive: org.apache.velocity.runtime.directive.Include
2017-08-05 12:29:14,415 - Loaded System Directive: org.apache.velocity.runtime.directive.Foreach
2017-08-05 12:29:14,440 - Created '20' parsers.
2017-08-05 12:29:14,444 - Velocimacro : "velocimacro.library" is not set.  Trying default library: VM_global_library.vm
2017-08-05 12:29:14,444 - Velocimacro : Default library not found.
2017-08-05 12:29:14,444 - Velocimacro : allowInline = true : VMs can be defined inline in templates
2017-08-05 12:29:14,444 - Velocimacro : allowInlineToOverride = false : VMs defined inline may NOT replace previous VM definitions
2017-08-05 12:29:14,444 - Velocimacro : allowInlineLocal = false : VMs defined inline will be global in scope if allowed.
2017-08-05 12:29:14,444 - Velocimacro : autoload off : VM system will not automatically reload global library macros
2017-08-05 12:29:14,451 - ResourceManager : found Service.vm with loader org.apache.velocity.runtime.resource.loader.FileResourceLoader
2017-08-05 12:29:14,454 - ResourceManager : found ServiceImpl.vm with loader org.apache.velocity.runtime.resource.loader.FileResourceLoader
2017-08-05 12:29:14,455 - Null reference [template 'ServiceImpl.vm', line 15, column 27] : ${ctime} cannot be resolved.
2017-08-05 12:29:14,456 - ResourceManager : found Controller.vm with loader org.apache.velocity.runtime.resource.loader.FileResourceLoader
2017-08-05 12:30:36,511 - Log4JLogChute initialized using file 'velocity.log'
2017-08-05 12:30:36,511 - Initializing Velocity, Calling init()...
2017-08-05 12:30:36,511 - Starting Apache Velocity v1.7 (compiled: 2010-11-19 12:14:37)
2017-08-05 12:30:36,511 - Default Properties File: org/apache/velocity/runtime/defaults/velocity.properties
2017-08-05 12:30:36,511 - Trying to use logger class org.apache.velocity.runtime.log.AvalonLogChute
2017-08-05 12:30:36,511 - Target log system for org.apache.velocity.runtime.log.AvalonLogChute is not available (java.lang.NoClassDefFoundError: org/apache/log/format/Formatter).  Falling back to next log system...
2017-08-05 12:30:36,511 - Trying to use logger class org.apache.velocity.runtime.log.Log4JLogChute
2017-08-05 12:30:36,511 - Using logger class org.apache.velocity.runtime.log.Log4JLogChute
2017-08-05 12:30:36,514 - ResourceLoader instantiated: org.apache.velocity.runtime.resource.loader.FileResourceLoader
2017-08-05 12:30:36,515 - Do unicode file recognition:  false
2017-08-05 12:30:36,515 - FileResourceLoader : adding path '/Users/yukunpeng/ykp/archer/archer-common/target/classes/template/'
2017-08-05 12:30:36,520 - ResourceCache: initialized (class org.apache.velocity.runtime.resource.ResourceCacheImpl) with class java.util.Collections$SynchronizedMap cache map.
2017-08-05 12:30:36,521 - Loaded System Directive: org.apache.velocity.runtime.directive.Stop
2017-08-05 12:30:36,522 - Loaded System Directive: org.apache.velocity.runtime.directive.Define
2017-08-05 12:30:36,523 - Loaded System Directive: org.apache.velocity.runtime.directive.Break
2017-08-05 12:30:36,523 - Loaded System Directive: org.apache.velocity.runtime.directive.Evaluate
2017-08-05 12:30:36,524 - Loaded System Directive: org.apache.velocity.runtime.directive.Literal
2017-08-05 12:30:36,524 - Loaded System Directive: org.apache.velocity.runtime.directive.Macro
2017-08-05 12:30:36,525 - Loaded System Directive: org.apache.velocity.runtime.directive.Parse
2017-08-05 12:30:36,526 - Loaded System Directive: org.apache.velocity.runtime.directive.Include
2017-08-05 12:30:36,527 - Loaded System Directive: org.apache.velocity.runtime.directive.Foreach
2017-08-05 12:30:36,549 - Created '20' parsers.
2017-08-05 12:30:36,553 - Velocimacro : "velocimacro.library" is not set.  Trying default library: VM_global_library.vm
2017-08-05 12:30:36,553 - Velocimacro : Default library not found.
2017-08-05 12:30:36,553 - Velocimacro : allowInline = true : VMs can be defined inline in templates
2017-08-05 12:30:36,553 - Velocimacro : allowInlineToOverride = false : VMs defined inline may NOT replace previous VM definitions
2017-08-05 12:30:36,553 - Velocimacro : allowInlineLocal = false : VMs defined inline will be global in scope if allowed.
2017-08-05 12:30:36,553 - Velocimacro : autoload off : VM system will not automatically reload global library macros
2017-08-05 12:30:36,559 - ResourceManager : found Service.vm with loader org.apache.velocity.runtime.resource.loader.FileResourceLoader
2017-08-05 12:30:36,562 - ResourceManager : found ServiceImpl.vm with loader org.apache.velocity.runtime.resource.loader.FileResourceLoader
2017-08-05 12:30:36,562 - Null reference [template 'ServiceImpl.vm', line 17, column 27] : ${ctime} cannot be resolved.
2017-08-05 12:30:36,564 - ResourceManager : found Controller.vm with loader org.apache.velocity.runtime.resource.loader.FileResourceLoader
2017-08-05 12:31:16,369 - Log4JLogChute initialized using file 'velocity.log'
2017-08-05 12:31:16,370 - Initializing Velocity, Calling init()...
2017-08-05 12:31:16,370 - Starting Apache Velocity v1.7 (compiled: 2010-11-19 12:14:37)
2017-08-05 12:31:16,370 - Default Properties File: org/apache/velocity/runtime/defaults/velocity.properties
2017-08-05 12:31:16,370 - Trying to use logger class org.apache.velocity.runtime.log.AvalonLogChute
2017-08-05 12:31:16,370 - Target log system for org.apache.velocity.runtime.log.AvalonLogChute is not available (java.lang.NoClassDefFoundError: org/apache/log/format/Formatter).  Falling back to next log system...
2017-08-05 12:31:16,370 - Trying to use logger class org.apache.velocity.runtime.log.Log4JLogChute
2017-08-05 12:31:16,370 - Using logger class org.apache.velocity.runtime.log.Log4JLogChute
2017-08-05 12:31:16,373 - ResourceLoader instantiated: org.apache.velocity.runtime.resource.loader.FileResourceLoader
2017-08-05 12:31:16,374 - Do unicode file recognition:  false
2017-08-05 12:31:16,374 - FileResourceLoader : adding path '/Users/yukunpeng/ykp/archer/archer-common/target/classes/template/'
2017-08-05 12:31:16,379 - ResourceCache: initialized (class org.apache.velocity.runtime.resource.ResourceCacheImpl) with class java.util.Collections$SynchronizedMap cache map.
2017-08-05 12:31:16,380 - Loaded System Directive: org.apache.velocity.runtime.directive.Stop
2017-08-05 12:31:16,381 - Loaded System Directive: org.apache.velocity.runtime.directive.Define
2017-08-05 12:31:16,381 - Loaded System Directive: org.apache.velocity.runtime.directive.Break
2017-08-05 12:31:16,382 - Loaded System Directive: org.apache.velocity.runtime.directive.Evaluate
2017-08-05 12:31:16,382 - Loaded System Directive: org.apache.velocity.runtime.directive.Literal
2017-08-05 12:31:16,383 - Loaded System Directive: org.apache.velocity.runtime.directive.Macro
2017-08-05 12:31:16,383 - Loaded System Directive: org.apache.velocity.runtime.directive.Parse
2017-08-05 12:31:16,384 - Loaded System Directive: org.apache.velocity.runtime.directive.Include
2017-08-05 12:31:16,385 - Loaded System Directive: org.apache.velocity.runtime.directive.Foreach
2017-08-05 12:31:16,406 - Created '20' parsers.
2017-08-05 12:31:16,410 - Velocimacro : "velocimacro.library" is not set.  Trying default library: VM_global_library.vm
2017-08-05 12:31:16,410 - Velocimacro : Default library not found.
2017-08-05 12:31:16,410 - Velocimacro : allowInline = true : VMs can be defined inline in templates
2017-08-05 12:31:16,410 - Velocimacro : allowInlineToOverride = false : VMs defined inline may NOT replace previous VM definitions
2017-08-05 12:31:16,410 - Velocimacro : allowInlineLocal = false : VMs defined inline will be global in scope if allowed.
2017-08-05 12:31:16,410 - Velocimacro : autoload off : VM system will not automatically reload global library macros
2017-08-05 12:31:16,415 - ResourceManager : found Service.vm with loader org.apache.velocity.runtime.resource.loader.FileResourceLoader
2017-08-05 12:31:16,418 - ResourceManager : found ServiceImpl.vm with loader org.apache.velocity.runtime.resource.loader.FileResourceLoader
2017-08-05 12:31:16,419 - Null reference [template 'ServiceImpl.vm', line 17, column 27] : ${ctime} cannot be resolved.
2017-08-05 12:31:16,420 - ResourceManager : found Controller.vm with loader org.apache.velocity.runtime.resource.loader.FileResourceLoader
2017-08-05 12:40:09,200 - Log4JLogChute initialized using file 'velocity.log'
2017-08-05 12:40:09,201 - Initializing Velocity, Calling init()...
2017-08-05 12:40:09,201 - Starting Apache Velocity v1.7 (compiled: 2010-11-19 12:14:37)
2017-08-05 12:40:09,201 - Default Properties File: org/apache/velocity/runtime/defaults/velocity.properties
2017-08-05 12:40:09,201 - Trying to use logger class org.apache.velocity.runtime.log.AvalonLogChute
2017-08-05 12:40:09,201 - Target log system for org.apache.velocity.runtime.log.AvalonLogChute is not available (java.lang.NoClassDefFoundError: org/apache/log/format/Formatter).  Falling back to next log system...
2017-08-05 12:40:09,201 - Trying to use logger class org.apache.velocity.runtime.log.Log4JLogChute
2017-08-05 12:40:09,201 - Using logger class org.apache.velocity.runtime.log.Log4JLogChute
2017-08-05 12:40:09,205 - ResourceLoader instantiated: org.apache.velocity.runtime.resource.loader.FileResourceLoader
2017-08-05 12:40:09,206 - Do unicode file recognition:  false
2017-08-05 12:40:09,206 - FileResourceLoader : adding path '/Users/yukunpeng/ykp/archer/archer-common/target/classes/template/'
2017-08-05 12:40:09,212 - ResourceCache: initialized (class org.apache.velocity.runtime.resource.ResourceCacheImpl) with class java.util.Collections$SynchronizedMap cache map.
2017-08-05 12:40:09,213 - Loaded System Directive: org.apache.velocity.runtime.directive.Stop
2017-08-05 12:40:09,214 - Loaded System Directive: org.apache.velocity.runtime.directive.Define
2017-08-05 12:40:09,215 - Loaded System Directive: org.apache.velocity.runtime.directive.Break
2017-08-05 12:40:09,215 - Loaded System Directive: org.apache.velocity.runtime.directive.Evaluate
2017-08-05 12:40:09,216 - Loaded System Directive: org.apache.velocity.runtime.directive.Literal
2017-08-05 12:40:09,217 - Loaded System Directive: org.apache.velocity.runtime.directive.Macro
2017-08-05 12:40:09,218 - Loaded System Directive: org.apache.velocity.runtime.directive.Parse
2017-08-05 12:40:09,219 - Loaded System Directive: org.apache.velocity.runtime.directive.Include
2017-08-05 12:40:09,219 - Loaded System Directive: org.apache.velocity.runtime.directive.Foreach
2017-08-05 12:40:09,243 - Created '20' parsers.
2017-08-05 12:40:09,248 - Velocimacro : "velocimacro.library" is not set.  Trying default library: VM_global_library.vm
2017-08-05 12:40:09,248 - Velocimacro : Default library not found.
2017-08-05 12:40:09,248 - Velocimacro : allowInline = true : VMs can be defined inline in templates
2017-08-05 12:40:09,248 - Velocimacro : allowInlineToOverride = false : VMs defined inline may NOT replace previous VM definitions
2017-08-05 12:40:09,248 - Velocimacro : allowInlineLocal = false : VMs defined inline will be global in scope if allowed.
2017-08-05 12:40:09,248 - Velocimacro : autoload off : VM system will not automatically reload global library macros
2017-08-05 12:40:09,255 - ResourceManager : found Service.vm with loader org.apache.velocity.runtime.resource.loader.FileResourceLoader
2017-08-05 12:40:09,258 - ResourceManager : found ServiceImpl.vm with loader org.apache.velocity.runtime.resource.loader.FileResourceLoader
2017-08-05 12:40:09,260 - ResourceManager : found Controller.vm with loader org.apache.velocity.runtime.resource.loader.FileResourceLoader
2017-08-05 12:41:53,141 - Log4JLogChute initialized using file 'velocity.log'
2017-08-05 12:41:53,142 - Initializing Velocity, Calling init()...
2017-08-05 12:41:53,142 - Starting Apache Velocity v1.7 (compiled: 2010-11-19 12:14:37)
2017-08-05 12:41:53,142 - Default Properties File: org/apache/velocity/runtime/defaults/velocity.properties
2017-08-05 12:41:53,142 - Trying to use logger class org.apache.velocity.runtime.log.AvalonLogChute
2017-08-05 12:41:53,142 - Target log system for org.apache.velocity.runtime.log.AvalonLogChute is not available (java.lang.NoClassDefFoundError: org/apache/log/format/Formatter).  Falling back to next log system...
2017-08-05 12:41:53,142 - Trying to use logger class org.apache.velocity.runtime.log.Log4JLogChute
2017-08-05 12:41:53,142 - Using logger class org.apache.velocity.runtime.log.Log4JLogChute
2017-08-05 12:41:53,146 - ResourceLoader instantiated: org.apache.velocity.runtime.resource.loader.FileResourceLoader
2017-08-05 12:41:53,147 - Do unicode file recognition:  false
2017-08-05 12:41:53,147 - FileResourceLoader : adding path '/Users/yukunpeng/ykp/archer/archer-common/target/classes/template/'
2017-08-05 12:41:53,153 - ResourceCache: initialized (class org.apache.velocity.runtime.resource.ResourceCacheImpl) with class java.util.Collections$SynchronizedMap cache map.
2017-08-05 12:41:53,154 - Loaded System Directive: org.apache.velocity.runtime.directive.Stop
2017-08-05 12:41:53,155 - Loaded System Directive: org.apache.velocity.runtime.directive.Define
2017-08-05 12:41:53,155 - Loaded System Directive: org.apache.velocity.runtime.directive.Break
2017-08-05 12:41:53,156 - Loaded System Directive: org.apache.velocity.runtime.directive.Evaluate
2017-08-05 12:41:53,156 - Loaded System Directive: org.apache.velocity.runtime.directive.Literal
2017-08-05 12:41:53,157 - Loaded System Directive: org.apache.velocity.runtime.directive.Macro
2017-08-05 12:41:53,158 - Loaded System Directive: org.apache.velocity.runtime.directive.Parse
2017-08-05 12:41:53,159 - Loaded System Directive: org.apache.velocity.runtime.directive.Include
2017-08-05 12:41:53,160 - Loaded System Directive: org.apache.velocity.runtime.directive.Foreach
2017-08-05 12:41:53,183 - Created '20' parsers.
2017-08-05 12:41:53,188 - Velocimacro : "velocimacro.library" is not set.  Trying default library: VM_global_library.vm
2017-08-05 12:41:53,188 - Velocimacro : Default library not found.
2017-08-05 12:41:53,188 - Velocimacro : allowInline = true : VMs can be defined inline in templates
2017-08-05 12:41:53,188 - Velocimacro : allowInlineToOverride = false : VMs defined inline may NOT replace previous VM definitions
2017-08-05 12:41:53,188 - Velocimacro : allowInlineLocal = false : VMs defined inline will be global in scope if allowed.
2017-08-05 12:41:53,188 - Velocimacro : autoload off : VM system will not automatically reload global library macros
2017-08-05 12:41:53,195 - ResourceManager : found Service.vm with loader org.apache.velocity.runtime.resource.loader.FileResourceLoader
2017-08-05 12:41:53,198 - ResourceManager : found ServiceImpl.vm with loader org.apache.velocity.runtime.resource.loader.FileResourceLoader
2017-08-05 12:41:53,199 - ResourceManager : found Controller.vm with loader org.apache.velocity.runtime.resource.loader.FileResourceLoader
2017-08-05 12:44:27,933 - Log4JLogChute initialized using file 'velocity.log'
2017-08-05 12:44:27,933 - Initializing Velocity, Calling init()...
2017-08-05 12:44:27,933 - Starting Apache Velocity v1.7 (compiled: 2010-11-19 12:14:37)
2017-08-05 12:44:27,933 - Default Properties File: org/apache/velocity/runtime/defaults/velocity.properties
2017-08-05 12:44:27,933 - Trying to use logger class org.apache.velocity.runtime.log.AvalonLogChute
2017-08-05 12:44:27,933 - Target log system for org.apache.velocity.runtime.log.AvalonLogChute is not available (java.lang.NoClassDefFoundError: org/apache/log/format/Formatter).  Falling back to next log system...
2017-08-05 12:44:27,933 - Trying to use logger class org.apache.velocity.runtime.log.Log4JLogChute
2017-08-05 12:44:27,933 - Using logger class org.apache.velocity.runtime.log.Log4JLogChute
2017-08-05 12:44:27,936 - ResourceLoader instantiated: org.apache.velocity.runtime.resource.loader.FileResourceLoader
2017-08-05 12:44:27,937 - Do unicode file recognition:  false
2017-08-05 12:44:27,937 - FileResourceLoader : adding path '/Users/yukunpeng/ykp/archer/archer-common/target/classes/template/'
2017-08-05 12:44:27,942 - ResourceCache: initialized (class org.apache.velocity.runtime.resource.ResourceCacheImpl) with class java.util.Collections$SynchronizedMap cache map.
2017-08-05 12:44:27,943 - Loaded System Directive: org.apache.velocity.runtime.directive.Stop
2017-08-05 12:44:27,944 - Loaded System Directive: org.apache.velocity.runtime.directive.Define
2017-08-05 12:44:27,944 - Loaded System Directive: org.apache.velocity.runtime.directive.Break
2017-08-05 12:44:27,945 - Loaded System Directive: org.apache.velocity.runtime.directive.Evaluate
2017-08-05 12:44:27,945 - Loaded System Directive: org.apache.velocity.runtime.directive.Literal
2017-08-05 12:44:27,946 - Loaded System Directive: org.apache.velocity.runtime.directive.Macro
2017-08-05 12:44:27,947 - Loaded System Directive: org.apache.velocity.runtime.directive.Parse
2017-08-05 12:44:27,948 - Loaded System Directive: org.apache.velocity.runtime.directive.Include
2017-08-05 12:44:27,948 - Loaded System Directive: org.apache.velocity.runtime.directive.Foreach
2017-08-05 12:44:27,970 - Created '20' parsers.
2017-08-05 12:44:27,974 - Velocimacro : "velocimacro.library" is not set.  Trying default library: VM_global_library.vm
2017-08-05 12:44:27,974 - Velocimacro : Default library not found.
2017-08-05 12:44:27,974 - Velocimacro : allowInline = true : VMs can be defined inline in templates
2017-08-05 12:44:27,975 - Velocimacro : allowInlineToOverride = false : VMs defined inline may NOT replace previous VM definitions
2017-08-05 12:44:27,975 - Velocimacro : allowInlineLocal = false : VMs defined inline will be global in scope if allowed.
2017-08-05 12:44:27,975 - Velocimacro : autoload off : VM system will not automatically reload global library macros
2017-08-05 12:44:27,981 - ResourceManager : found Service.vm with loader org.apache.velocity.runtime.resource.loader.FileResourceLoader
2017-08-05 12:44:27,984 - ResourceManager : found ServiceImpl.vm with loader org.apache.velocity.runtime.resource.loader.FileResourceLoader
2017-08-05 12:44:27,985 - ResourceManager : found Controller.vm with loader org.apache.velocity.runtime.resource.loader.FileResourceLoader
2017-08-05 12:44:46,295 - Log4JLogChute initialized using file 'velocity.log'
2017-08-05 12:44:46,295 - Initializing Velocity, Calling init()...
2017-08-05 12:44:46,295 - Starting Apache Velocity v1.7 (compiled: 2010-11-19 12:14:37)
2017-08-05 12:44:46,295 - Default Properties File: org/apache/velocity/runtime/defaults/velocity.properties
2017-08-05 12:44:46,295 - Trying to use logger class org.apache.velocity.runtime.log.AvalonLogChute
2017-08-05 12:44:46,295 - Target log system for org.apache.velocity.runtime.log.AvalonLogChute is not available (java.lang.NoClassDefFoundError: org/apache/log/format/Formatter).  Falling back to next log system...
2017-08-05 12:44:46,295 - Trying to use logger class org.apache.velocity.runtime.log.Log4JLogChute
2017-08-05 12:44:46,295 - Using logger class org.apache.velocity.runtime.log.Log4JLogChute
2017-08-05 12:44:46,299 - ResourceLoader instantiated: org.apache.velocity.runtime.resource.loader.FileResourceLoader
2017-08-05 12:44:46,300 - Do unicode file recognition:  false
2017-08-05 12:44:46,300 - FileResourceLoader : adding path '/Users/yukunpeng/ykp/archer/archer-common/target/classes/template/'
2017-08-05 12:44:46,305 - ResourceCache: initialized (class org.apache.velocity.runtime.resource.ResourceCacheImpl) with class java.util.Collections$SynchronizedMap cache map.
2017-08-05 12:44:46,306 - Loaded System Directive: org.apache.velocity.runtime.directive.Stop
2017-08-05 12:44:46,307 - Loaded System Directive: org.apache.velocity.runtime.directive.Define
2017-08-05 12:44:46,308 - Loaded System Directive: org.apache.velocity.runtime.directive.Break
2017-08-05 12:44:46,308 - Loaded System Directive: org.apache.velocity.runtime.directive.Evaluate
2017-08-05 12:44:46,309 - Loaded System Directive: org.apache.velocity.runtime.directive.Literal
2017-08-05 12:44:46,310 - Loaded System Directive: org.apache.velocity.runtime.directive.Macro
2017-08-05 12:44:46,310 - Loaded System Directive: org.apache.velocity.runtime.directive.Parse
2017-08-05 12:44:46,311 - Loaded System Directive: org.apache.velocity.runtime.directive.Include
2017-08-05 12:44:46,312 - Loaded System Directive: org.apache.velocity.runtime.directive.Foreach
2017-08-05 12:44:46,335 - Created '20' parsers.
2017-08-05 12:44:46,339 - Velocimacro : "velocimacro.library" is not set.  Trying default library: VM_global_library.vm
2017-08-05 12:44:46,340 - Velocimacro : Default library not found.
2017-08-05 12:44:46,340 - Velocimacro : allowInline = true : VMs can be defined inline in templates
2017-08-05 12:44:46,340 - Velocimacro : allowInlineToOverride = false : VMs defined inline may NOT replace previous VM definitions
2017-08-05 12:44:46,340 - Velocimacro : allowInlineLocal = false : VMs defined inline will be global in scope if allowed.
2017-08-05 12:44:46,340 - Velocimacro : autoload off : VM system will not automatically reload global library macros
2017-08-05 12:44:46,346 - ResourceManager : found Service.vm with loader org.apache.velocity.runtime.resource.loader.FileResourceLoader
2017-08-05 12:44:46,349 - ResourceManager : found ServiceImpl.vm with loader org.apache.velocity.runtime.resource.loader.FileResourceLoader
2017-08-05 12:44:46,351 - ResourceManager : found Controller.vm with loader org.apache.velocity.runtime.resource.loader.FileResourceLoader
2017-08-05 20:48:33,786 - Log4JLogChute initialized using file 'velocity.log'
2017-08-05 20:48:33,786 - Initializing Velocity, Calling init()...
2017-08-05 20:48:33,786 - Starting Apache Velocity v1.7 (compiled: 2010-11-19 12:14:37)
2017-08-05 20:48:33,787 - Default Properties File: org/apache/velocity/runtime/defaults/velocity.properties
2017-08-05 20:48:33,787 - Trying to use logger class org.apache.velocity.runtime.log.AvalonLogChute
2017-08-05 20:48:33,787 - Target log system for org.apache.velocity.runtime.log.AvalonLogChute is not available (java.lang.NoClassDefFoundError: org/apache/log/format/Formatter).  Falling back to next log system...
2017-08-05 20:48:33,787 - Trying to use logger class org.apache.velocity.runtime.log.Log4JLogChute
2017-08-05 20:48:33,787 - Using logger class org.apache.velocity.runtime.log.Log4JLogChute
2017-08-05 20:48:33,791 - ResourceLoader instantiated: org.apache.velocity.runtime.resource.loader.FileResourceLoader
2017-08-05 20:48:33,791 - Do unicode file recognition:  false
2017-08-05 20:48:33,792 - FileResourceLoader : adding path '/Users/yukunpeng/ykp/archer/archer-common/target/classes/template/'
2017-08-05 20:48:33,799 - ResourceCache: initialized (class org.apache.velocity.runtime.resource.ResourceCacheImpl) with class java.util.Collections$SynchronizedMap cache map.
2017-08-05 20:48:33,800 - Loaded System Directive: org.apache.velocity.runtime.directive.Stop
2017-08-05 20:48:33,801 - Loaded System Directive: org.apache.velocity.runtime.directive.Define
2017-08-05 20:48:33,802 - Loaded System Directive: org.apache.velocity.runtime.directive.Break
2017-08-05 20:48:33,803 - Loaded System Directive: org.apache.velocity.runtime.directive.Evaluate
2017-08-05 20:48:33,804 - Loaded System Directive: org.apache.velocity.runtime.directive.Literal
2017-08-05 20:48:33,805 - Loaded System Directive: org.apache.velocity.runtime.directive.Macro
2017-08-05 20:48:33,806 - Loaded System Directive: org.apache.velocity.runtime.directive.Parse
2017-08-05 20:48:33,807 - Loaded System Directive: org.apache.velocity.runtime.directive.Include
2017-08-05 20:48:33,808 - Loaded System Directive: org.apache.velocity.runtime.directive.Foreach
2017-08-05 20:48:33,834 - Created '20' parsers.
2017-08-05 20:48:33,839 - Velocimacro : "velocimacro.library" is not set.  Trying default library: VM_global_library.vm
2017-08-05 20:48:33,839 - Velocimacro : Default library not found.
2017-08-05 20:48:33,839 - Velocimacro : allowInline = true : VMs can be defined inline in templates
2017-08-05 20:48:33,839 - Velocimacro : allowInlineToOverride = false : VMs defined inline may NOT replace previous VM definitions
2017-08-05 20:48:33,839 - Velocimacro : allowInlineLocal = false : VMs defined inline will be global in scope if allowed.
2017-08-05 20:48:33,839 - Velocimacro : autoload off : VM system will not automatically reload global library macros
2017-08-05 20:48:33,847 - ResourceManager : found Service.vm with loader org.apache.velocity.runtime.resource.loader.FileResourceLoader
2017-08-05 20:48:33,850 - ResourceManager : found ServiceImpl.vm with loader org.apache.velocity.runtime.resource.loader.FileResourceLoader
2017-08-05 20:48:33,851 - ResourceManager : found Controller.vm with loader org.apache.velocity.runtime.resource.loader.FileResourceLoader
2017-08-05 20:53:24,910 - Log4JLogChute initialized using file 'velocity.log'
2017-08-05 20:53:24,910 - Initializing Velocity, Calling init()...
2017-08-05 20:53:24,910 - Starting Apache Velocity v1.7 (compiled: 2010-11-19 12:14:37)
2017-08-05 20:53:24,910 - Default Properties File: org/apache/velocity/runtime/defaults/velocity.properties
2017-08-05 20:53:24,910 - Trying to use logger class org.apache.velocity.runtime.log.AvalonLogChute
2017-08-05 20:53:24,910 - Target log system for org.apache.velocity.runtime.log.AvalonLogChute is not available (java.lang.NoClassDefFoundError: org/apache/log/format/Formatter).  Falling back to next log system...
2017-08-05 20:53:24,910 - Trying to use logger class org.apache.velocity.runtime.log.Log4JLogChute
2017-08-05 20:53:24,910 - Using logger class org.apache.velocity.runtime.log.Log4JLogChute
2017-08-05 20:53:24,913 - ResourceLoader instantiated: org.apache.velocity.runtime.resource.loader.FileResourceLoader
2017-08-05 20:53:24,914 - Do unicode file recognition:  false
2017-08-05 20:53:24,914 - FileResourceLoader : adding path '/Users/yukunpeng/ykp/archer/archer-common/target/classes/template/'
2017-08-05 20:53:24,919 - ResourceCache: initialized (class org.apache.velocity.runtime.resource.ResourceCacheImpl) with class java.util.Collections$SynchronizedMap cache map.
2017-08-05 20:53:24,920 - Loaded System Directive: org.apache.velocity.runtime.directive.Stop
2017-08-05 20:53:24,921 - Loaded System Directive: org.apache.velocity.runtime.directive.Define
2017-08-05 20:53:24,922 - Loaded System Directive: org.apache.velocity.runtime.directive.Break
2017-08-05 20:53:24,922 - Loaded System Directive: org.apache.velocity.runtime.directive.Evaluate
2017-08-05 20:53:24,922 - Loaded System Directive: org.apache.velocity.runtime.directive.Literal
2017-08-05 20:53:24,923 - Loaded System Directive: org.apache.velocity.runtime.directive.Macro
2017-08-05 20:53:24,924 - Loaded System Directive: org.apache.velocity.runtime.directive.Parse
2017-08-05 20:53:24,925 - Loaded System Directive: org.apache.velocity.runtime.directive.Include
2017-08-05 20:53:24,926 - Loaded System Directive: org.apache.velocity.runtime.directive.Foreach
2017-08-05 20:53:24,947 - Created '20' parsers.
2017-08-05 20:53:24,951 - Velocimacro : "velocimacro.library" is not set.  Trying default library: VM_global_library.vm
2017-08-05 20:53:24,951 - Velocimacro : Default library not found.
2017-08-05 20:53:24,951 - Velocimacro : allowInline = true : VMs can be defined inline in templates
2017-08-05 20:53:24,951 - Velocimacro : allowInlineToOverride = false : VMs defined inline may NOT replace previous VM definitions
2017-08-05 20:53:24,951 - Velocimacro : allowInlineLocal = false : VMs defined inline will be global in scope if allowed.
2017-08-05 20:53:24,951 - Velocimacro : autoload off : VM system will not automatically reload global library macros
2017-08-05 20:53:24,957 - ResourceManager : found Service.vm with loader org.apache.velocity.runtime.resource.loader.FileResourceLoader
2017-08-05 20:53:24,960 - ResourceManager : found ServiceImpl.vm with loader org.apache.velocity.runtime.resource.loader.FileResourceLoader
2017-08-05 20:53:24,962 - ResourceManager : found Controller.vm with loader org.apache.velocity.runtime.resource.loader.FileResourceLoader
2017-08-05 20:54:09,598 - Log4JLogChute initialized using file 'velocity.log'
2017-08-05 20:54:09,599 - Initializing Velocity, Calling init()...
2017-08-05 20:54:09,599 - Starting Apache Velocity v1.7 (compiled: 2010-11-19 12:14:37)
2017-08-05 20:54:09,599 - Default Properties File: org/apache/velocity/runtime/defaults/velocity.properties
2017-08-05 20:54:09,599 - Trying to use logger class org.apache.velocity.runtime.log.AvalonLogChute
2017-08-05 20:54:09,599 - Target log system for org.apache.velocity.runtime.log.AvalonLogChute is not available (java.lang.NoClassDefFoundError: org/apache/log/format/Formatter).  Falling back to next log system...
2017-08-05 20:54:09,599 - Trying to use logger class org.apache.velocity.runtime.log.Log4JLogChute
2017-08-05 20:54:09,599 - Using logger class org.apache.velocity.runtime.log.Log4JLogChute
2017-08-05 20:54:09,602 - ResourceLoader instantiated: org.apache.velocity.runtime.resource.loader.FileResourceLoader
2017-08-05 20:54:09,603 - Do unicode file recognition:  false
2017-08-05 20:54:09,603 - FileResourceLoader : adding path '/Users/yukunpeng/ykp/archer/archer-common/target/classes/template/'
2017-08-05 20:54:09,608 - ResourceCache: initialized (class org.apache.velocity.runtime.resource.ResourceCacheImpl) with class java.util.Collections$SynchronizedMap cache map.
2017-08-05 20:54:09,609 - Loaded System Directive: org.apache.velocity.runtime.directive.Stop
2017-08-05 20:54:09,610 - Loaded System Directive: org.apache.velocity.runtime.directive.Define
2017-08-05 20:54:09,610 - Loaded System Directive: org.apache.velocity.runtime.directive.Break
2017-08-05 20:54:09,611 - Loaded System Directive: org.apache.velocity.runtime.directive.Evaluate
2017-08-05 20:54:09,611 - Loaded System Directive: org.apache.velocity.runtime.directive.Literal
2017-08-05 20:54:09,612 - Loaded System Directive: org.apache.velocity.runtime.directive.Macro
2017-08-05 20:54:09,613 - Loaded System Directive: org.apache.velocity.runtime.directive.Parse
2017-08-05 20:54:09,613 - Loaded System Directive: org.apache.velocity.runtime.directive.Include
2017-08-05 20:54:09,614 - Loaded System Directive: org.apache.velocity.runtime.directive.Foreach
2017-08-05 20:54:09,635 - Created '20' parsers.
2017-08-05 20:54:09,639 - Velocimacro : "velocimacro.library" is not set.  Trying default library: VM_global_library.vm
2017-08-05 20:54:09,639 - Velocimacro : Default library not found.
2017-08-05 20:54:09,639 - Velocimacro : allowInline = true : VMs can be defined inline in templates
2017-08-05 20:54:09,639 - Velocimacro : allowInlineToOverride = false : VMs defined inline may NOT replace previous VM definitions
2017-08-05 20:54:09,639 - Velocimacro : allowInlineLocal = false : VMs defined inline will be global in scope if allowed.
2017-08-05 20:54:09,639 - Velocimacro : autoload off : VM system will not automatically reload global library macros
2017-08-05 20:54:09,644 - ResourceManager : found Service.vm with loader org.apache.velocity.runtime.resource.loader.FileResourceLoader
2017-08-05 20:54:09,647 - ResourceManager : found ServiceImpl.vm with loader org.apache.velocity.runtime.resource.loader.FileResourceLoader
2017-08-05 20:54:09,649 - ResourceManager : found Controller.vm with loader org.apache.velocity.runtime.resource.loader.FileResourceLoader
2017-08-05 21:22:45,920 - Log4JLogChute initialized using file 'velocity.log'
2017-08-05 21:22:45,920 - Initializing Velocity, Calling init()...
2017-08-05 21:22:45,920 - Starting Apache Velocity v1.7 (compiled: 2010-11-19 12:14:37)
2017-08-05 21:22:45,920 - Default Properties File: org/apache/velocity/runtime/defaults/velocity.properties
2017-08-05 21:22:45,920 - Trying to use logger class org.apache.velocity.runtime.log.AvalonLogChute
2017-08-05 21:22:45,920 - Target log system for org.apache.velocity.runtime.log.AvalonLogChute is not available (java.lang.NoClassDefFoundError: org/apache/log/format/Formatter).  Falling back to next log system...
2017-08-05 21:22:45,920 - Trying to use logger class org.apache.velocity.runtime.log.Log4JLogChute
2017-08-05 21:22:45,920 - Using logger class org.apache.velocity.runtime.log.Log4JLogChute
2017-08-05 21:22:45,924 - ResourceLoader instantiated: org.apache.velocity.runtime.resource.loader.FileResourceLoader
2017-08-05 21:22:45,924 - Do unicode file recognition:  false
2017-08-05 21:22:45,924 - FileResourceLoader : adding path '/Users/yukunpeng/ykp/archer/archer-common/target/classes/template/'
2017-08-05 21:22:45,931 - ResourceCache: initialized (class org.apache.velocity.runtime.resource.ResourceCacheImpl) with class java.util.Collections$SynchronizedMap cache map.
2017-08-05 21:22:45,932 - Loaded System Directive: org.apache.velocity.runtime.directive.Stop
2017-08-05 21:22:45,933 - Loaded System Directive: org.apache.velocity.runtime.directive.Define
2017-08-05 21:22:45,933 - Loaded System Directive: org.apache.velocity.runtime.directive.Break
2017-08-05 21:22:45,934 - Loaded System Directive: org.apache.velocity.runtime.directive.Evaluate
2017-08-05 21:22:45,934 - Loaded System Directive: org.apache.velocity.runtime.directive.Literal
2017-08-05 21:22:45,935 - Loaded System Directive: org.apache.velocity.runtime.directive.Macro
2017-08-05 21:22:45,936 - Loaded System Directive: org.apache.velocity.runtime.directive.Parse
2017-08-05 21:22:45,937 - Loaded System Directive: org.apache.velocity.runtime.directive.Include
2017-08-05 21:22:45,937 - Loaded System Directive: org.apache.velocity.runtime.directive.Foreach
2017-08-05 21:22:45,959 - Created '20' parsers.
2017-08-05 21:22:45,963 - Velocimacro : "velocimacro.library" is not set.  Trying default library: VM_global_library.vm
2017-08-05 21:22:45,963 - Velocimacro : Default library not found.
2017-08-05 21:22:45,963 - Velocimacro : allowInline = true : VMs can be defined inline in templates
2017-08-05 21:22:45,963 - Velocimacro : allowInlineToOverride = false : VMs defined inline may NOT replace previous VM definitions
2017-08-05 21:22:45,963 - Velocimacro : allowInlineLocal = false : VMs defined inline will be global in scope if allowed.
2017-08-05 21:22:45,963 - Velocimacro : autoload off : VM system will not automatically reload global library macros
2017-08-05 21:22:45,969 - ResourceManager : found Service.vm with loader org.apache.velocity.runtime.resource.loader.FileResourceLoader
2017-08-05 21:22:45,971 - ResourceManager : found ServiceImpl.vm with loader org.apache.velocity.runtime.resource.loader.FileResourceLoader
2017-08-05 21:22:45,973 - ResourceManager : found Controller.vm with loader org.apache.velocity.runtime.resource.loader.FileResourceLoader
2017-08-07 09:53:54,986 - Log4JLogChute initialized using file 'velocity.log'
2017-08-07 09:53:54,987 - Initializing Velocity, Calling init()...
2017-08-07 09:53:54,987 - Starting Apache Velocity v1.7 (compiled: 2010-11-19 12:14:37)
2017-08-07 09:53:54,987 - Default Properties File: org/apache/velocity/runtime/defaults/velocity.properties
2017-08-07 09:53:54,987 - Trying to use logger class org.apache.velocity.runtime.log.AvalonLogChute
2017-08-07 09:53:54,987 - Target log system for org.apache.velocity.runtime.log.AvalonLogChute is not available (java.lang.NoClassDefFoundError: org/apache/log/format/Formatter).  Falling back to next log system...
2017-08-07 09:53:54,987 - Trying to use logger class org.apache.velocity.runtime.log.Log4JLogChute
2017-08-07 09:53:54,987 - Using logger class org.apache.velocity.runtime.log.Log4JLogChute
2017-08-07 09:53:54,992 - ResourceLoader instantiated: org.apache.velocity.runtime.resource.loader.FileResourceLoader
2017-08-07 09:53:54,993 - Do unicode file recognition:  false
2017-08-07 09:53:54,993 - FileResourceLoader : adding path '/Users/yukunpeng/ykp/archer/archer-common/target/classes/template/'
2017-08-07 09:53:54,999 - ResourceCache: initialized (class org.apache.velocity.runtime.resource.ResourceCacheImpl) with class java.util.Collections$SynchronizedMap cache map.
2017-08-07 09:53:55,000 - Loaded System Directive: org.apache.velocity.runtime.directive.Stop
2017-08-07 09:53:55,001 - Loaded System Directive: org.apache.velocity.runtime.directive.Define
2017-08-07 09:53:55,001 - Loaded System Directive: org.apache.velocity.runtime.directive.Break
2017-08-07 09:53:55,002 - Loaded System Directive: org.apache.velocity.runtime.directive.Evaluate
2017-08-07 09:53:55,002 - Loaded System Directive: org.apache.velocity.runtime.directive.Literal
2017-08-07 09:53:55,003 - Loaded System Directive: org.apache.velocity.runtime.directive.Macro
2017-08-07 09:53:55,004 - Loaded System Directive: org.apache.velocity.runtime.directive.Parse
2017-08-07 09:53:55,005 - Loaded System Directive: org.apache.velocity.runtime.directive.Include
2017-08-07 09:53:55,006 - Loaded System Directive: org.apache.velocity.runtime.directive.Foreach
2017-08-07 09:53:55,034 - Created '20' parsers.
2017-08-07 09:53:55,038 - Velocimacro : "velocimacro.library" is not set.  Trying default library: VM_global_library.vm
2017-08-07 09:53:55,038 - Velocimacro : Default library not found.
2017-08-07 09:53:55,038 - Velocimacro : allowInline = true : VMs can be defined inline in templates
2017-08-07 09:53:55,038 - Velocimacro : allowInlineToOverride = false : VMs defined inline may NOT replace previous VM definitions
2017-08-07 09:53:55,038 - Velocimacro : allowInlineLocal = false : VMs defined inline will be global in scope if allowed.
2017-08-07 09:53:55,038 - Velocimacro : autoload off : VM system will not automatically reload global library macros
2017-08-07 09:53:55,046 - ResourceManager : found Service.vm with loader org.apache.velocity.runtime.resource.loader.FileResourceLoader
2017-08-07 09:53:55,048 - ResourceManager : found ServiceImpl.vm with loader org.apache.velocity.runtime.resource.loader.FileResourceLoader
2017-08-07 09:53:55,050 - ResourceManager : found Controller.vm with loader org.apache.velocity.runtime.resource.loader.FileResourceLoader
2017-08-07 09:55:13,407 - Log4JLogChute initialized using file 'velocity.log'
2017-08-07 09:55:13,408 - Initializing Velocity, Calling init()...
2017-08-07 09:55:13,408 - Starting Apache Velocity v1.7 (compiled: 2010-11-19 12:14:37)
2017-08-07 09:55:13,408 - Default Properties File: org/apache/velocity/runtime/defaults/velocity.properties
2017-08-07 09:55:13,408 - Trying to use logger class org.apache.velocity.runtime.log.AvalonLogChute
2017-08-07 09:55:13,408 - Target log system for org.apache.velocity.runtime.log.AvalonLogChute is not available (java.lang.NoClassDefFoundError: org/apache/log/format/Formatter).  Falling back to next log system...
2017-08-07 09:55:13,408 - Trying to use logger class org.apache.velocity.runtime.log.Log4JLogChute
2017-08-07 09:55:13,408 - Using logger class org.apache.velocity.runtime.log.Log4JLogChute
2017-08-07 09:55:13,412 - ResourceLoader instantiated: org.apache.velocity.runtime.resource.loader.FileResourceLoader
2017-08-07 09:55:13,413 - Do unicode file recognition:  false
2017-08-07 09:55:13,413 - FileResourceLoader : adding path '/Users/yukunpeng/ykp/archer/archer-common/target/classes/template/'
2017-08-07 09:55:13,423 - ResourceCache: initialized (class org.apache.velocity.runtime.resource.ResourceCacheImpl) with class java.util.Collections$SynchronizedMap cache map.
2017-08-07 09:55:13,425 - Loaded System Directive: org.apache.velocity.runtime.directive.Stop
2017-08-07 09:55:13,426 - Loaded System Directive: org.apache.velocity.runtime.directive.Define
2017-08-07 09:55:13,427 - Loaded System Directive: org.apache.velocity.runtime.directive.Break
2017-08-07 09:55:13,428 - Loaded System Directive: org.apache.velocity.runtime.directive.Evaluate
2017-08-07 09:55:13,428 - Loaded System Directive: org.apache.velocity.runtime.directive.Literal
2017-08-07 09:55:13,429 - Loaded System Directive: org.apache.velocity.runtime.directive.Macro
2017-08-07 09:55:13,431 - Loaded System Directive: org.apache.velocity.runtime.directive.Parse
2017-08-07 09:55:13,432 - Loaded System Directive: org.apache.velocity.runtime.directive.Include
2017-08-07 09:55:13,434 - Loaded System Directive: org.apache.velocity.runtime.directive.Foreach
2017-08-07 09:55:13,470 - Created '20' parsers.
2017-08-07 09:55:13,477 - Velocimacro : "velocimacro.library" is not set.  Trying default library: VM_global_library.vm
2017-08-07 09:55:13,478 - Velocimacro : Default library not found.
2017-08-07 09:55:13,478 - Velocimacro : allowInline = true : VMs can be defined inline in templates
2017-08-07 09:55:13,478 - Velocimacro : allowInlineToOverride = false : VMs defined inline may NOT replace previous VM definitions
2017-08-07 09:55:13,478 - Velocimacro : allowInlineLocal = false : VMs defined inline will be global in scope if allowed.
2017-08-07 09:55:13,478 - Velocimacro : autoload off : VM system will not automatically reload global library macros
2017-08-07 09:55:13,488 - ResourceManager : found Service.vm with loader org.apache.velocity.runtime.resource.loader.FileResourceLoader
2017-08-07 09:55:13,492 - ResourceManager : found ServiceImpl.vm with loader org.apache.velocity.runtime.resource.loader.FileResourceLoader
2017-08-07 09:55:13,495 - ResourceManager : found Controller.vm with loader org.apache.velocity.runtime.resource.loader.FileResourceLoader
